Using pre-set license
Built from '2020.3/staging' branch; Version is '2020.3.11f1 (99c7afb366b3) revision 10078127'; Using compiler version '192528614'; Build Type 'Release'
OS: 'Windows 10 Home; OS build 19043.1706; Version 2009; 64bit' Language: 'es' Physical Memory: 8122 MB
BatchMode: 1, IsHumanControllingUs: 0, StartBugReporterOnCrash: 0, Is64bit: 1, IsPro: 0

 COMMAND LINE ARGUMENTS:
C:\Program Files\Unity\Hub\Editor\2020.3.11f1\Editor\Unity.exe
-adb2
-batchMode
-noUpm
-name
AssetImportWorker0
-projectPath
D:/Unity Games/3D-Endless-Runner-in-Unity-master/EndlessRunnerTutorial
-logFile
Logs/AssetImportWorker0.log
-srvPort
65064
Successfully changed project path to: D:/Unity Games/3D-Endless-Runner-in-Unity-master/EndlessRunnerTutorial
D:/Unity Games/3D-Endless-Runner-in-Unity-master/EndlessRunnerTutorial
Using Asset Import Pipeline V2.
Refreshing native plugins compatible for Editor in 23.49 ms, found 2 plugins.
Preloading 0 native plugins for Editor in 0.00 ms.
Initialize engine version: 2020.3.11f1 (99c7afb366b3)
[Subsystems] Discovering subsystems at path C:/Program Files/Unity/Hub/Editor/2020.3.11f1/Editor/Data/Resources/UnitySubsystems
[Subsystems] Discovering subsystems at path D:/Unity Games/3D-Endless-Runner-in-Unity-master/EndlessRunnerTutorial/Assets
GfxDevice: creating device client; threaded=0
Direct3D:
    Version:  Direct3D 11.0 [level 11.1]
    Renderer: NVIDIA GeForce GTX 1660 SUPER (ID=0x21c4)
    Vendor:   
    VRAM:     5991 MB
    Driver:   30.0.14.9709
Initialize mono
Mono path[0] = 'C:/Program Files/Unity/Hub/Editor/2020.3.11f1/Editor/Data/Managed'
Mono path[1] = 'C:/Program Files/Unity/Hub/Editor/2020.3.11f1/Editor/Data/MonoBleedingEdge/lib/mono/unityjit'
Mono config path = 'C:/Program Files/Unity/Hub/Editor/2020.3.11f1/Editor/Data/MonoBleedingEdge/etc'
Using monoOptions --debugger-agent=transport=dt_socket,embedding=1,server=y,suspend=n,address=127.0.0.1:56112
Begin MonoManager ReloadAssembly
Registering precompiled unity dll's ...
Register platform support module: C:/Program Files/Unity/Hub/Editor/2020.3.11f1/Editor/Data/PlaybackEngines/WindowsStandaloneSupport/UnityEditor.WindowsStandalone.Extensions.dll
Registered in 0.001611 seconds.
Native extension for WindowsStandalone target not found
Refreshing native plugins compatible for Editor in 24.10 ms, found 2 plugins.
Preloading 0 native plugins for Editor in 0.00 ms.
Mono: successfully reloaded assembly
- Completed reload, in  0.873 seconds
Platform modules already initialized, skipping
Registering precompiled user dll's ...
Registered in 0.002177 seconds.
Begin MonoManager ReloadAssembly
Native extension for WindowsStandalone target not found
Refreshing native plugins compatible for Editor in 0.29 ms, found 2 plugins.
Preloading 0 native plugins for Editor in 0.00 ms.
Mono: successfully reloaded assembly
- Completed reload, in  0.855 seconds
Platform modules already initialized, skipping
========================================================================
Worker process is ready to serve import requests
Launched and connected shader compiler UnityShaderCompiler.exe after 0.05 seconds
Refreshing native plugins compatible for Editor in 0.39 ms, found 2 plugins.
Preloading 0 native plugins for Editor in 0.00 ms.
Unloading 1397 Unused Serialized files (Serialized files now loaded: 0)
System memory in use before: 66.0 MB.
System memory in use after: 66.0 MB.

Unloading 18 unused Assets to reduce memory usage. Loaded Objects now: 1835.
Total: 1.562300 ms (FindLiveObjects: 0.146400 ms CreateObjectMapping: 0.042900 ms MarkObjects: 1.320400 ms  DeleteObjects: 0.051700 ms)

========================================================================
Received Import Request.
  path: Assets/Imagenes/marcoNegro.png
  artifactKey: Guid(30cd76acf0212cc40a0112fc25ad326b) Importer(815301076,1909f56bfc062723c751e8b465ee728b)
Start importing Assets/Imagenes/marcoNegro.png using Guid(30cd76acf0212cc40a0112fc25ad326b) Importer(815301076,1909f56bfc062723c751e8b465ee728b)  -> (artifact id: 'de0d3e04e6c41f7e8216fdaf8c457e5b') in 0.050879 seconds
  Import took 0.083993 seconds .

========================================================================
Received Import Request.
  Time since last request: 14.368477 seconds.
  path: Assets/Imagenes/marcoNegro.png
  artifactKey: Guid(30cd76acf0212cc40a0112fc25ad326b) Importer(815301076,1909f56bfc062723c751e8b465ee728b)
Start importing Assets/Imagenes/marcoNegro.png using Guid(30cd76acf0212cc40a0112fc25ad326b) Importer(815301076,1909f56bfc062723c751e8b465ee728b)  -> (artifact id: '5389cd927953a0c537467d3811ce7d75') in 0.045676 seconds
  Import took 0.067558 seconds .

========================================================================
Received Import Request.
  Time since last request: 135.081838 seconds.
  path: Assets/Imagenes/marcoNegro.png
  artifactKey: Guid(30cd76acf0212cc40a0112fc25ad326b) Importer(815301076,1909f56bfc062723c751e8b465ee728b)
Start importing Assets/Imagenes/marcoNegro.png using Guid(30cd76acf0212cc40a0112fc25ad326b) Importer(815301076,1909f56bfc062723c751e8b465ee728b)  -> (artifact id: 'ef8e80a2cb8135abafe624b4b5da6db1') in 0.026623 seconds
  Import took 0.047315 seconds .

========================================================================
Received Import Request.
  Time since last request: 5.779461 seconds.
  path: Assets/Imagenes/marcoNegro.png
  artifactKey: Guid(30cd76acf0212cc40a0112fc25ad326b) Importer(815301076,1909f56bfc062723c751e8b465ee728b)
Start importing Assets/Imagenes/marcoNegro.png using Guid(30cd76acf0212cc40a0112fc25ad326b) Importer(815301076,1909f56bfc062723c751e8b465ee728b)  -> (artifact id: '18a42fa219c489406247333860b4f350') in 0.012270 seconds
  Import took 0.026474 seconds .

========================================================================
Received Import Request.
  Time since last request: 843.985132 seconds.
  path: Assets/Materials/Box3 - Diffuse.mat
  artifactKey: Guid(04f922ed6b4ad7546bd0465234a31619) Importer(815301076,1909f56bfc062723c751e8b465ee728b)
Start importing Assets/Materials/Box3 - Diffuse.mat using Guid(04f922ed6b4ad7546bd0465234a31619) Importer(815301076,1909f56bfc062723c751e8b465ee728b)  -> (artifact id: 'e8159b75975fc6105c731dc9a4f1d2ed') in 0.064613 seconds
  Import took 0.085036 seconds .

========================================================================
Received Import Request.
  Time since last request: 14.262089 seconds.
  path: Assets/Imagenes/vidaImg.png
  artifactKey: Guid(8d78e2adcce7fcb4983fca64519cab0e) Importer(815301076,1909f56bfc062723c751e8b465ee728b)
Start importing Assets/Imagenes/vidaImg.png using Guid(8d78e2adcce7fcb4983fca64519cab0e) Importer(815301076,1909f56bfc062723c751e8b465ee728b)  -> (artifact id: '8add716d34ab944f8673846c4fda3317') in 0.012302 seconds
  Import took 0.034161 seconds .

========================================================================
Received Import Request.
  Time since last request: 7.730425 seconds.
  path: Assets/Imagenes/vidaImg.png
  artifactKey: Guid(8d78e2adcce7fcb4983fca64519cab0e) Importer(815301076,1909f56bfc062723c751e8b465ee728b)
Start importing Assets/Imagenes/vidaImg.png using Guid(8d78e2adcce7fcb4983fca64519cab0e) Importer(815301076,1909f56bfc062723c751e8b465ee728b)  -> (artifact id: 'a7d1b4677ac87b6eebb14170566d6c37') in 0.017324 seconds
  Import took 0.034045 seconds .

========================================================================
Received Import Request.
  Time since last request: 1272.423961 seconds.
  path: Assets/Escenas/Puntuaciones.unity
  artifactKey: Guid(d56f59ef9b49b9a44808595b45cc2859) Importer(815301076,1909f56bfc062723c751e8b465ee728b)
Start importing Assets/Escenas/Puntuaciones.unity using Guid(d56f59ef9b49b9a44808595b45cc2859) Importer(815301076,1909f56bfc062723c751e8b465ee728b)  -> (artifact id: 'df0c358635eb965171ff44026e0ab5b9') in 0.008412 seconds
  Import took 0.022515 seconds .

========================================================================
Received Import Request.
  Time since last request: 16.994350 seconds.
  path: Assets/Escenas/Menu Principal.unity
  artifactKey: Guid(099bd2275764fe044af2b8ae0ad985ec) Importer(815301076,1909f56bfc062723c751e8b465ee728b)
Start importing Assets/Escenas/Menu Principal.unity using Guid(099bd2275764fe044af2b8ae0ad985ec) Importer(815301076,1909f56bfc062723c751e8b465ee728b)  -> (artifact id: '14b6e998c9489a84dc2408e2ad6bbad0') in 0.006733 seconds
  Import took 0.008956 seconds .

========================================================================
Received Prepare
Registering precompiled user dll's ...
Registered in 0.002243 seconds.
Begin MonoManager ReloadAssembly
Native extension for WindowsStandalone target not found
Refreshing native plugins compatible for Editor in 0.28 ms, found 2 plugins.
Preloading 0 native plugins for Editor in 0.00 ms.
Mono: successfully reloaded assembly
- Completed reload, in  0.865 seconds
Platform modules already initialized, skipping
Refreshing native plugins compatible for Editor in 0.28 ms, found 2 plugins.
Preloading 0 native plugins for Editor in 0.00 ms.
Unloading 1391 Unused Serialized files (Serialized files now loaded: 0)
System memory in use before: 69.1 MB.
System memory in use after: 69.2 MB.

Unloading 13 unused Assets to reduce memory usage. Loaded Objects now: 1884.
Total: 1.616900 ms (FindLiveObjects: 0.148800 ms CreateObjectMapping: 0.041700 ms MarkObjects: 1.413200 ms  DeleteObjects: 0.012400 ms)

========================================================================
Received Prepare
Registering precompiled user dll's ...
Registered in 0.002175 seconds.
Begin MonoManager ReloadAssembly
Native extension for WindowsStandalone target not found
Refreshing native plugins compatible for Editor in 0.28 ms, found 2 plugins.
Preloading 0 native plugins for Editor in 0.00 ms.
Mono: successfully reloaded assembly
- Completed reload, in  0.777 seconds
Platform modules already initialized, skipping
Refreshing native plugins compatible for Editor in 0.29 ms, found 2 plugins.
Preloading 0 native plugins for Editor in 0.00 ms.
Unloading 1391 Unused Serialized files (Serialized files now loaded: 0)
System memory in use before: 69.2 MB.
System memory in use after: 69.3 MB.

Unloading 13 unused Assets to reduce memory usage. Loaded Objects now: 1887.
Total: 1.520100 ms (FindLiveObjects: 0.143900 ms CreateObjectMapping: 0.042300 ms MarkObjects: 1.321600 ms  DeleteObjects: 0.011400 ms)

========================================================================
Received Prepare
Registering precompiled user dll's ...
Registered in 0.001989 seconds.
Begin MonoManager ReloadAssembly
Native extension for WindowsStandalone target not found
Refreshing native plugins compatible for Editor in 0.32 ms, found 2 plugins.
Preloading 0 native plugins for Editor in 0.00 ms.
Mono: successfully reloaded assembly
- Completed reload, in  0.843 seconds
Platform modules already initialized, skipping
Refreshing native plugins compatible for Editor in 0.29 ms, found 2 plugins.
Preloading 0 native plugins for Editor in 0.00 ms.
Unloading 1391 Unused Serialized files (Serialized files now loaded: 0)
System memory in use before: 69.2 MB.
System memory in use after: 69.3 MB.

Unloading 13 unused Assets to reduce memory usage. Loaded Objects now: 1890.
Total: 1.737700 ms (FindLiveObjects: 0.229500 ms CreateObjectMapping: 0.054700 ms MarkObjects: 1.433000 ms  DeleteObjects: 0.018700 ms)

========================================================================
Received Prepare
Refreshing native plugins compatible for Editor in 2.97 ms, found 2 plugins.
Preloading 0 native plugins for Editor in 0.00 ms.
Unloading 12 Unused Serialized files (Serialized files now loaded: 0)
System memory in use before: 41.9 MB.
System memory in use after: 42.0 MB.

Unloading 11 unused Assets to reduce memory usage. Loaded Objects now: 1890.
Total: 2.609000 ms (FindLiveObjects: 0.230000 ms CreateObjectMapping: 0.081200 ms MarkObjects: 2.278300 ms  DeleteObjects: 0.018600 ms)

AssetImportWorkerClient::OnTransportError - code=2 error=End of file
